<?xml version="1.0" encoding="UTF-8"?>
<testsuite name="br.com.opa.OpaApplicationTests" tests="1" skipped="0" failures="0" errors="0" timestamp="2022-09-21T00:31:19" hostname="SP295NT" time="2.421">
  <properties/>
  <testcase name="contextLoads()" classname="br.com.opa.OpaApplicationTests" time="2.421"/>
  <system-out><![CDATA[21:31:08.240 [Test worker] DEBUG org.springframework.test.context.BootstrapUtils - Instantiating CacheAwareContextLoaderDelegate from class [org.springframework.test.context.cache.DefaultCacheAwareContextLoaderDelegate]
21:31:08.275 [Test worker] DEBUG org.springframework.test.context.BootstrapUtils - Instantiating BootstrapContext using constructor [public org.springframework.test.context.support.DefaultBootstrapContext(java.lang.Class,org.springframework.test.context.CacheAwareContextLoaderDelegate)]
21:31:08.445 [Test worker] DEBUG org.springframework.test.context.BootstrapUtils - Instantiating TestContextBootstrapper for test class [br.com.opa.OpaApplicationTests] from class [org.springframework.boot.test.context.SpringBootTestContextBootstrapper]
21:31:08.488 [Test worker] INFO org.springframework.boot.test.context.SpringBootTestContextBootstrapper - Neither @ContextConfiguration nor @ContextHierarchy found for test class [br.com.opa.OpaApplicationTests], using SpringBootContextLoader
21:31:08.498 [Test worker] DEBUG org.springframework.test.context.support.AbstractContextLoader - Did not detect default resource location for test class [br.com.opa.OpaApplicationTests]: class path resource [br/com/opa/OpaApplicationTests-context.xml] does not exist
21:31:08.501 [Test worker] DEBUG org.springframework.test.context.support.AbstractContextLoader - Did not detect default resource location for test class [br.com.opa.OpaApplicationTests]: class path resource [br/com/opa/OpaApplicationTestsContext.groovy] does not exist
21:31:08.503 [Test worker] INFO org.springframework.test.context.support.AbstractContextLoader - Could not detect default resource locations for test class [br.com.opa.OpaApplicationTests]: no resource found for suffixes {-context.xml, Context.groovy}.
21:31:08.506 [Test worker] INFO org.springframework.test.context.support.AnnotationConfigContextLoaderUtils - Could not detect default configuration classes for test class [br.com.opa.OpaApplicationTests]: OpaApplicationTests does not declare any static, non-private, non-final, nested classes annotated with @Configuration.
21:31:08.680 [Test worker] DEBUG org.springframework.test.context.support.ActiveProfilesUtils - Could not find an 'annotation declaring class' for annotation type [org.springframework.test.context.ActiveProfiles] and class [br.com.opa.OpaApplicationTests]
21:31:08.929 [Test worker] DEBUG org.springframework.context.annotation.ClassPathScanningCandidateComponentProvider - Identified candidate component class: file [/home/ajs/dev/opa/build/classes/java/main/br/com/opa/OpaApplication.class]
21:31:08.934 [Test worker] INFO org.springframework.boot.test.context.SpringBootTestContextBootstrapper - Found @SpringBootConfiguration br.com.opa.OpaApplication for test class br.com.opa.OpaApplicationTests
21:31:09.513 [Test worker] DEBUG org.springframework.boot.test.context.SpringBootTestContextBootstrapper - @TestExecutionListeners is not present for class [br.com.opa.OpaApplicationTests]: using defaults.
21:31:09.521 [Test worker] INFO org.springframework.boot.test.context.SpringBootTestContextBootstrapper - Loaded default TestExecutionListener class names from location [META-INF/spring.factories]: [org.springframework.boot.test.autoconfigure.restdocs.RestDocsTestExecutionListener, org.springframework.boot.test.autoconfigure.web.client.MockRestServiceServerResetTestExecutionListener, org.springframework.boot.test.autoconfigure.web.servlet.MockMvcPrintOnlyOnFailureTestExecutionListener, org.springframework.boot.test.autoconfigure.web.servlet.WebDriverTestExecutionListener, org.springframework.boot.test.autoconfigure.webservices.client.MockWebServiceServerTestExecutionListener, org.springframework.boot.test.mock.mockito.MockitoTestExecutionListener, org.springframework.boot.test.mock.mockito.ResetMocksTestExecutionListener, org.springframework.test.context.web.ServletTestExecutionListener, org.springframework.test.context.support.DirtiesContextBeforeModesTestExecutionListener, org.springframework.test.context.event.ApplicationEventsTestExecutionListener, org.springframework.test.context.support.DependencyInjectionTestExecutionListener, org.springframework.test.context.support.DirtiesContextTestExecutionListener, org.springframework.test.context.transaction.TransactionalTestExecutionListener, org.springframework.test.context.jdbc.SqlScriptsTestExecutionListener, org.springframework.test.context.event.EventPublishingTestExecutionListener]
21:31:09.585 [Test worker] DEBUG org.springframework.boot.test.context.SpringBootTestContextBootstrapper - Skipping candidate TestExecutionListener [org.springframework.test.context.web.ServletTestExecutionListener] due to a missing dependency. Specify custom listener classes or make the default listener classes and their required dependencies available. Offending class: [javax/servlet/ServletContext]
21:31:09.679 [Test worker] INFO org.springframework.boot.test.context.SpringBootTestContextBootstrapper - Using TestExecutionListeners: [org.springframework.test.context.support.DirtiesContextBeforeModesTestExecutionListener@4678a2eb, org.springframework.test.context.event.ApplicationEventsTestExecutionListener@5b43fbf6, org.springframework.boot.test.mock.mockito.MockitoTestExecutionListener@1080b026, org.springframework.boot.test.autoconfigure.SpringBootDependencyInjectionTestExecutionListener@58ebfd03, org.springframework.test.context.support.DirtiesContextTestExecutionListener@5b07730f, org.springframework.test.context.transaction.TransactionalTestExecutionListener@1fdfafd2, org.springframework.test.context.jdbc.SqlScriptsTestExecutionListener@a4b2d8f, org.springframework.test.context.event.EventPublishingTestExecutionListener@dcfda20, org.springframework.boot.test.autoconfigure.restdocs.RestDocsTestExecutionListener@6d304f9d, org.springframework.boot.test.autoconfigure.web.client.MockRestServiceServerResetTestExecutionListener@f73dcd6, org.springframework.boot.test.autoconfigure.web.servlet.MockMvcPrintOnlyOnFailureTestExecutionListener@5c87bfe2, org.springframework.boot.test.autoconfigure.web.servlet.WebDriverTestExecutionListener@2fea7088, org.springframework.boot.test.autoconfigure.webservices.client.MockWebServiceServerTestExecutionListener@40499e4f, org.springframework.boot.test.mock.mockito.ResetMocksTestExecutionListener@51cd7ffc]
21:31:09.732 [Test worker] DEBUG org.springframework.test.context.support.AbstractDirtiesContextTestExecutionListener - Before test class: context [DefaultTestContext@efde75f testClass = OpaApplicationTests, testInstance = [null], testMethod = [null], testException = [null], mergedContextConfiguration = [MergedContextConfiguration@16ecee1 testClass = OpaApplicationTests, locations = '{}', classes = '{class br.com.opa.OpaApplication}', contextInitializerClasses = '[]', activeProfiles = '{}', propertySourceLocations = '{}', propertySourceProperties = '{org.springframework.boot.test.context.SpringBootTestContextBootstrapper=true}', contextCustomizers = set[org.springframework.boot.test.autoconfigure.actuate.metrics.MetricsExportContextCustomizerFactory$DisableMetricExportContextCustomizer@1e8b7643, org.springframework.boot.test.autoconfigure.properties.PropertyMappingContextCustomizer@0, org.springframework.boot.test.autoconfigure.web.servlet.WebDriverContextCustomizerFactory$Customizer@1984b1f, org.springframework.boot.test.context.filter.ExcludeFilterContextCustomizer@6d167f58, org.springframework.boot.test.json.DuplicateJsonObjectContextCustomizerFactory$DuplicateJsonObjectContextCustomizer@19c65cdc, org.springframework.boot.test.mock.mockito.MockitoContextCustomizer@0, org.springframework.boot.test.web.client.TestRestTemplateContextCustomizer@70f02c32, org.springframework.boot.test.context.SpringBootTestArgs@1, org.springframework.boot.test.context.SpringBootTestWebEnvironment@ed7f8b4], contextLoader = 'org.springframework.boot.test.context.SpringBootContextLoader', parent = [null]], attributes = map[[empty]]], class annotated with @DirtiesContext [false] with mode [null].
21:31:09.831 [Test worker] DEBUG org.springframework.test.context.support.DependencyInjectionTestExecutionListener - Performing dependency injection for test context [[DefaultTestContext@efde75f testClass = OpaApplicationTests, testInstance = br.com.opa.OpaApplicationTests@3c435123, testMethod = [null], testException = [null], mergedContextConfiguration = [MergedContextConfiguration@16ecee1 testClass = OpaApplicationTests, locations = '{}', classes = '{class br.com.opa.OpaApplication}', contextInitializerClasses = '[]', activeProfiles = '{}', propertySourceLocations = '{}', propertySourceProperties = '{org.springframework.boot.test.context.SpringBootTestContextBootstrapper=true}', contextCustomizers = set[org.springframework.boot.test.autoconfigure.actuate.metrics.MetricsExportContextCustomizerFactory$DisableMetricExportContextCustomizer@1e8b7643, org.springframework.boot.test.autoconfigure.properties.PropertyMappingContextCustomizer@0, org.springframework.boot.test.autoconfigure.web.servlet.WebDriverContextCustomizerFactory$Customizer@1984b1f, org.springframework.boot.test.context.filter.ExcludeFilterContextCustomizer@6d167f58, org.springframework.boot.test.json.DuplicateJsonObjectContextCustomizerFactory$DuplicateJsonObjectContextCustomizer@19c65cdc, org.springframework.boot.test.mock.mockito.MockitoContextCustomizer@0, org.springframework.boot.test.web.client.TestRestTemplateContextCustomizer@70f02c32, org.springframework.boot.test.context.SpringBootTestArgs@1, org.springframework.boot.test.context.SpringBootTestWebEnvironment@ed7f8b4], contextLoader = 'org.springframework.boot.test.context.SpringBootContextLoader', parent = [null]], attributes = map['org.springframework.test.context.event.ApplicationEventsTestExecutionListener.recordApplicationEvents' -> false]]].

  .   ____          _            __ _ _
 /\\ / ___'_ __ _ _(_)_ __  __ _ \ \ \ \
( ( )\___ | '_ | '_| | '_ \/ _` | \ \ \ \
 \\/  ___)| |_)| | | | | || (_| |  ) ) ) )
  '  |____| .__|_| |_|_| |_\__, | / / / /
 =========|_|==============|___/=/_/_/_/
 :: Spring Boot ::       (v2.7.4-SNAPSHOT)

2022-09-20 21:31:12.194  INFO 304823 --- [    Test worker] br.com.opa.OpaApplicationTests           : Starting OpaApplicationTests using Java 11.0.16 on SP295NT with PID 304823 (started by ajs in /home/ajs/dev/opa)
2022-09-20 21:31:12.222  INFO 304823 --- [    Test worker] br.com.opa.OpaApplicationTests           : No active profile set, falling back to 1 default profile: "default"
2022-09-20 21:31:19.623  INFO 304823 --- [    Test worker] br.com.opa.OpaApplicationTests           : Started OpaApplicationTests in 9.625 seconds (JVM running for 19.172)
]]></system-out>
  <system-err><![CDATA[]]></system-err>
</testsuite>
